2021-12-16 02:41:32.619  WARN 35114 --- [HikariPool-1 housekeeper] com.zaxxer.hikari.pool.HikariPool        : HikariPool-1 - Thread starvation or clock leap detected (housekeeper delta=2m14s619ms).
2021-12-16 03:25:03.767  WARN 35114 --- [HikariPool-1 housekeeper] com.zaxxer.hikari.pool.HikariPool        : HikariPool-1 - Thread starvation or clock leap detected (housekeeper delta=32m31s3ms).
2021-12-16 04:45:58.557  WARN 35114 --- [HikariPool-1 housekeeper] com.zaxxer.hikari.pool.HikariPool        : HikariPool-1 - Thread starvation or clock leap detected (housekeeper delta=1h20m54s789ms).
2021-12-16 05:33:53.570  WARN 35114 --- [HikariPool-1 housekeeper] com.zaxxer.hikari.pool.HikariPool        : HikariPool-1 - Thread starvation or clock leap detected (housekeeper delta=47m55s14ms).
2021-12-16 06:40:28.828  WARN 35114 --- [HikariPool-1 housekeeper] com.zaxxer.hikari.pool.HikariPool        : HikariPool-1 - Thread starvation or clock leap detected (housekeeper delta=1h6m35s258ms).
2021-12-16 07:30:55.527  WARN 35114 --- [HikariPool-1 housekeeper] com.zaxxer.hikari.pool.HikariPool        : HikariPool-1 - Thread starvation or clock leap detected (housekeeper delta=50m26s699ms).
2021-12-16 08:20:32.188  WARN 35114 --- [HikariPool-1 housekeeper] com.zaxxer.hikari.pool.HikariPool        : HikariPool-1 - Thread starvation or clock leap detected (housekeeper delta=49m36s661ms).
2021-12-16 09:25:59.399  WARN 35114 --- [HikariPool-1 housekeeper] com.zaxxer.hikari.pool.HikariPool        : HikariPool-1 - Thread starvation or clock leap detected (housekeeper delta=1h5m27s211ms).
2021-12-16 10:11:15.421  WARN 35114 --- [HikariPool-1 housekeeper] com.zaxxer.hikari.pool.HikariPool        : HikariPool-1 - Thread starvation or clock leap detected (housekeeper delta=45m16s23ms).
2021-12-16 10:11:45.112  WARN 35114 --- [HikariPool-1 housekeeper] com.zaxxer.hikari.pool.HikariPool        : HikariPool-1 - Retrograde clock change detected (housekeeper delta=29s688ms), soft-evicting connections from pool.
2021-12-16 10:17:55.568  INFO 35114 --- [SpringApplicationShutdownHook] j.LocalContainerEntityManagerFactoryBean : Closing JPA EntityManagerFactory for persistence unit 'default'
2021-12-16 10:17:55.578  INFO 35114 --- [SpringApplicationShutdownHook] com.zaxxer.hikari.HikariDataSource       : HikariPool-1 - Shutdown initiated...
2021-12-16 10:17:55.615  INFO 35114 --- [SpringApplicationShutdownHook] com.zaxxer.hikari.HikariDataSource       : HikariPool-1 - Shutdown completed.
2021-12-16 10:17:58.800  INFO 41784 --- [restartedMain] c.e.P.PetClinicApplication               : Starting PetClinicApplication using Java 1.8.0_311 on Furkan-MacBook-Pro.local with PID 41784 (/Users/furkan/Desktop/project/demo/target/classes started by furkan in /Users/furkan/Desktop/project/demo)
2021-12-16 10:17:58.801  INFO 41784 --- [restartedMain] c.e.P.PetClinicApplication               : No active profile set, falling back to default profiles: default
2021-12-16 10:17:58.863  INFO 41784 --- [restartedMain] .e.DevToolsPropertyDefaultsPostProcessor : Devtools property defaults active! Set 'spring.devtools.add-properties' to 'false' to disable
2021-12-16 10:17:58.864  INFO 41784 --- [restartedMain] .e.DevToolsPropertyDefaultsPostProcessor : For additional web related logging consider setting the 'logging.level.web' property to 'DEBUG'
2021-12-16 10:17:59.653  INFO 41784 --- [restartedMain] .s.d.r.c.RepositoryConfigurationDelegate : Bootstrapping Spring Data JPA repositories in DEFAULT mode.
2021-12-16 10:17:59.681  INFO 41784 --- [restartedMain] .s.d.r.c.RepositoryConfigurationDelegate : Finished Spring Data repository scanning in 19 ms. Found 0 JPA repository interfaces.
2021-12-16 10:18:00.575  INFO 41784 --- [restartedMain] o.s.b.w.embedded.tomcat.TomcatWebServer  : Tomcat initialized with port(s): 9090 (http)
2021-12-16 10:18:00.583  INFO 41784 --- [restartedMain] o.apache.catalina.core.StandardService   : Starting service [Tomcat]
2021-12-16 10:18:00.583  INFO 41784 --- [restartedMain] org.apache.catalina.core.StandardEngine  : Starting Servlet engine: [Apache Tomcat/9.0.55]
2021-12-16 10:18:00.648  INFO 41784 --- [restartedMain] o.a.c.c.C.[Tomcat].[localhost].[/]       : Initializing Spring embedded WebApplicationContext
2021-12-16 10:18:00.648  INFO 41784 --- [restartedMain] w.s.c.ServletWebServerApplicationContext : Root WebApplicationContext: initialization completed in 1784 ms
2021-12-16 10:18:00.767  INFO 41784 --- [restartedMain] com.zaxxer.hikari.HikariDataSource       : HikariPool-1 - Starting...
2021-12-16 10:18:01.299  INFO 41784 --- [restartedMain] com.zaxxer.hikari.HikariDataSource       : HikariPool-1 - Start completed.
2021-12-16 10:18:01.308  INFO 41784 --- [restartedMain] o.s.b.a.h2.H2ConsoleAutoConfiguration    : H2 console available at '/h2-console'. Database available at 'jdbc:mysql://localhost:3306/db?useUnicode=true&useLegacyDatetimeCode=false&serverTimezone=Turkey'
2021-12-16 10:18:01.618  INFO 41784 --- [restartedMain] o.hibernate.jpa.internal.util.LogHelper  : HHH000204: Processing PersistenceUnitInfo [name: default]
2021-12-16 10:18:01.648  INFO 41784 --- [restartedMain] org.hibernate.Version                    : HHH000412: Hibernate ORM core version 5.6.1.Final
2021-12-16 10:18:01.743  INFO 41784 --- [restartedMain] o.hibernate.annotations.common.Version   : HCANN000001: Hibernate Commons Annotations {5.1.2.Final}
2021-12-16 10:18:01.803  INFO 41784 --- [restartedMain] org.hibernate.dialect.Dialect            : HHH000400: Using dialect: org.hibernate.dialect.MySQL5Dialect
2021-12-16 10:18:02.254  INFO 41784 --- [restartedMain] o.h.e.t.j.p.i.JtaPlatformInitiator       : HHH000490: Using JtaPlatform implementation: [org.hibernate.engine.transaction.jta.platform.internal.NoJtaPlatform]
2021-12-16 10:18:02.261  INFO 41784 --- [restartedMain] j.LocalContainerEntityManagerFactoryBean : Initialized JPA EntityManagerFactory for persistence unit 'default'
2021-12-16 10:18:02.392  WARN 41784 --- [restartedMain] JpaBaseConfiguration$JpaWebConfiguration : spring.jpa.open-in-view is enabled by default. Therefore, database queries may be performed during view rendering. Explicitly configure spring.jpa.open-in-view to disable this warning
2021-12-16 10:18:02.551 DEBUG 41784 --- [restartedMain] s.w.s.m.m.a.RequestMappingHandlerAdapter : ControllerAdvice beans: 0 @ModelAttribute, 0 @InitBinder, 1 RequestBodyAdvice, 1 ResponseBodyAdvice
2021-12-16 10:18:02.607 DEBUG 41784 --- [restartedMain] s.w.s.m.m.a.RequestMappingHandlerMapping : 10 mappings in 'requestMappingHandlerMapping'
2021-12-16 10:18:02.610  INFO 41784 --- [restartedMain] o.s.b.a.w.s.WelcomePageHandlerMapping    : Adding welcome page: class path resource [public/index.html]
2021-12-16 10:18:02.636 DEBUG 41784 --- [restartedMain] o.s.w.s.handler.SimpleUrlHandlerMapping  : Patterns [/webjars/**, /**] in 'resourceHandlerMapping'
2021-12-16 10:18:02.645 DEBUG 41784 --- [restartedMain] .m.m.a.ExceptionHandlerExceptionResolver : ControllerAdvice beans: 0 @ExceptionHandler, 1 ResponseBodyAdvice
2021-12-16 10:18:02.890  INFO 41784 --- [restartedMain] o.s.b.d.a.OptionalLiveReloadServer       : LiveReload server is running on port 35729
2021-12-16 10:18:02.898  INFO 41784 --- [restartedMain] o.s.b.a.e.web.EndpointLinksResolver      : Exposing 0 endpoint(s) beneath base path '/actuator'
2021-12-16 10:18:02.945  INFO 41784 --- [restartedMain] o.s.b.w.embedded.tomcat.TomcatWebServer  : Tomcat started on port(s): 9090 (http) with context path ''
2021-12-16 10:18:02.985  INFO 41784 --- [restartedMain] c.e.P.PetClinicApplication               : Started PetClinicApplication in 4.645 seconds (JVM running for 5.541)
2021-12-16 10:18:42.254  INFO 41784 --- [SpringApplicationShutdownHook] j.LocalContainerEntityManagerFactoryBean : Closing JPA EntityManagerFactory for persistence unit 'default'
2021-12-16 10:18:42.263  INFO 41784 --- [SpringApplicationShutdownHook] com.zaxxer.hikari.HikariDataSource       : HikariPool-1 - Shutdown initiated...
2021-12-16 10:18:42.271  INFO 41784 --- [SpringApplicationShutdownHook] com.zaxxer.hikari.HikariDataSource       : HikariPool-1 - Shutdown completed.
2021-12-16 10:19:45.334  INFO 41829 --- [restartedMain] c.e.P.PetClinicApplication               : Starting PetClinicApplication using Java 1.8.0_311 on Furkan-MacBook-Pro.local with PID 41829 (/Users/furkan/Desktop/project/demo/target/classes started by furkan in /Users/furkan/Desktop/project/demo)
2021-12-16 10:19:45.335  INFO 41829 --- [restartedMain] c.e.P.PetClinicApplication               : No active profile set, falling back to default profiles: default
2021-12-16 10:19:45.397  INFO 41829 --- [restartedMain] .e.DevToolsPropertyDefaultsPostProcessor : Devtools property defaults active! Set 'spring.devtools.add-properties' to 'false' to disable
2021-12-16 10:19:45.397  INFO 41829 --- [restartedMain] .e.DevToolsPropertyDefaultsPostProcessor : For additional web related logging consider setting the 'logging.level.web' property to 'DEBUG'
2021-12-16 10:19:46.212  INFO 41829 --- [restartedMain] .s.d.r.c.RepositoryConfigurationDelegate : Bootstrapping Spring Data JPA repositories in DEFAULT mode.
2021-12-16 10:19:46.229  INFO 41829 --- [restartedMain] .s.d.r.c.RepositoryConfigurationDelegate : Finished Spring Data repository scanning in 11 ms. Found 0 JPA repository interfaces.
2021-12-16 10:19:47.050  INFO 41829 --- [restartedMain] o.s.b.w.embedded.tomcat.TomcatWebServer  : Tomcat initialized with port(s): 9090 (http)
2021-12-16 10:19:47.056  INFO 41829 --- [restartedMain] o.apache.catalina.core.StandardService   : Starting service [Tomcat]
2021-12-16 10:19:47.056  INFO 41829 --- [restartedMain] org.apache.catalina.core.StandardEngine  : Starting Servlet engine: [Apache Tomcat/9.0.55]
2021-12-16 10:19:47.106  INFO 41829 --- [restartedMain] o.a.c.c.C.[Tomcat].[localhost].[/]       : Initializing Spring embedded WebApplicationContext
2021-12-16 10:19:47.107  INFO 41829 --- [restartedMain] w.s.c.ServletWebServerApplicationContext : Root WebApplicationContext: initialization completed in 1709 ms
2021-12-16 10:19:47.206  INFO 41829 --- [restartedMain] com.zaxxer.hikari.HikariDataSource       : HikariPool-1 - Starting...
2021-12-16 10:19:47.755  INFO 41829 --- [restartedMain] com.zaxxer.hikari.HikariDataSource       : HikariPool-1 - Start completed.
2021-12-16 10:19:47.767  INFO 41829 --- [restartedMain] o.s.b.a.h2.H2ConsoleAutoConfiguration    : H2 console available at '/h2-console'. Database available at 'jdbc:mysql://localhost:3306/db?useUnicode=true&useLegacyDatetimeCode=false&serverTimezone=Turkey'
2021-12-16 10:19:48.039  INFO 41829 --- [restartedMain] o.hibernate.jpa.internal.util.LogHelper  : HHH000204: Processing PersistenceUnitInfo [name: default]
2021-12-16 10:19:48.064  INFO 41829 --- [restartedMain] org.hibernate.Version                    : HHH000412: Hibernate ORM core version 5.6.1.Final
2021-12-16 10:19:48.137  INFO 41829 --- [restartedMain] o.hibernate.annotations.common.Version   : HCANN000001: Hibernate Commons Annotations {5.1.2.Final}
2021-12-16 10:19:48.190  INFO 41829 --- [restartedMain] org.hibernate.dialect.Dialect            : HHH000400: Using dialect: org.hibernate.dialect.MySQL5Dialect
2021-12-16 10:19:48.615  INFO 41829 --- [restartedMain] o.h.e.t.j.p.i.JtaPlatformInitiator       : HHH000490: Using JtaPlatform implementation: [org.hibernate.engine.transaction.jta.platform.internal.NoJtaPlatform]
2021-12-16 10:19:48.621  INFO 41829 --- [restartedMain] j.LocalContainerEntityManagerFactoryBean : Initialized JPA EntityManagerFactory for persistence unit 'default'
2021-12-16 10:19:48.750  WARN 41829 --- [restartedMain] JpaBaseConfiguration$JpaWebConfiguration : spring.jpa.open-in-view is enabled by default. Therefore, database queries may be performed during view rendering. Explicitly configure spring.jpa.open-in-view to disable this warning
2021-12-16 10:19:48.916 DEBUG 41829 --- [restartedMain] s.w.s.m.m.a.RequestMappingHandlerAdapter : ControllerAdvice beans: 0 @ModelAttribute, 0 @InitBinder, 1 RequestBodyAdvice, 1 ResponseBodyAdvice
2021-12-16 10:19:48.969 DEBUG 41829 --- [restartedMain] s.w.s.m.m.a.RequestMappingHandlerMapping : 10 mappings in 'requestMappingHandlerMapping'
2021-12-16 10:19:48.972  INFO 41829 --- [restartedMain] o.s.b.a.w.s.WelcomePageHandlerMapping    : Adding welcome page: class path resource [public/index.html]
2021-12-16 10:19:48.994 DEBUG 41829 --- [restartedMain] o.s.w.s.handler.SimpleUrlHandlerMapping  : Patterns [/webjars/**, /**] in 'resourceHandlerMapping'
2021-12-16 10:19:49.004 DEBUG 41829 --- [restartedMain] .m.m.a.ExceptionHandlerExceptionResolver : ControllerAdvice beans: 0 @ExceptionHandler, 1 ResponseBodyAdvice
2021-12-16 10:19:49.227  INFO 41829 --- [restartedMain] o.s.b.d.a.OptionalLiveReloadServer       : LiveReload server is running on port 35729
2021-12-16 10:19:49.243  INFO 41829 --- [restartedMain] o.s.b.a.e.web.EndpointLinksResolver      : Exposing 0 endpoint(s) beneath base path '/actuator'
2021-12-16 10:19:49.331  INFO 41829 --- [restartedMain] o.s.b.w.embedded.tomcat.TomcatWebServer  : Tomcat started on port(s): 9090 (http) with context path ''
2021-12-16 10:19:49.357  INFO 41829 --- [restartedMain] c.e.P.PetClinicApplication               : Started PetClinicApplication in 4.447 seconds (JVM running for 5.148)
2021-12-16 10:20:21.271  INFO 41829 --- [http-nio-9090-exec-1] o.a.c.c.C.[Tomcat].[localhost].[/]       : Initializing Spring DispatcherServlet 'dispatcherServlet'
2021-12-16 10:20:21.273  INFO 41829 --- [http-nio-9090-exec-1] o.s.web.servlet.DispatcherServlet        : Initializing Servlet 'dispatcherServlet'
2021-12-16 10:20:21.273 DEBUG 41829 --- [http-nio-9090-exec-1] o.s.web.servlet.DispatcherServlet        : Detected StandardServletMultipartResolver
2021-12-16 10:20:21.273 DEBUG 41829 --- [http-nio-9090-exec-1] o.s.web.servlet.DispatcherServlet        : Detected AcceptHeaderLocaleResolver
2021-12-16 10:20:21.273 DEBUG 41829 --- [http-nio-9090-exec-1] o.s.web.servlet.DispatcherServlet        : Detected FixedThemeResolver
2021-12-16 10:20:21.280 DEBUG 41829 --- [http-nio-9090-exec-1] o.s.web.servlet.DispatcherServlet        : Detected org.springframework.web.servlet.view.DefaultRequestToViewNameTranslator@5f8c0a4e
2021-12-16 10:20:21.280 DEBUG 41829 --- [http-nio-9090-exec-1] o.s.web.servlet.DispatcherServlet        : Detected org.springframework.web.servlet.support.SessionFlashMapManager@7501f90c
2021-12-16 10:20:21.280 DEBUG 41829 --- [http-nio-9090-exec-1] o.s.web.servlet.DispatcherServlet        : enableLoggingRequestDetails='false': request parameters and headers will be masked to prevent unsafe logging of potentially sensitive data
2021-12-16 10:20:21.281  INFO 41829 --- [http-nio-9090-exec-1] o.s.web.servlet.DispatcherServlet        : Completed initialization in 8 ms
2021-12-16 10:20:21.290 DEBUG 41829 --- [http-nio-9090-exec-1] o.s.web.servlet.DispatcherServlet        : GET "/", parameters={}
2021-12-16 10:20:21.486 DEBUG 41829 --- [http-nio-9090-exec-1] o.s.w.s.v.ContentNegotiatingViewResolver : Selected 'text/html' given [text/html, application/xhtml+xml, image/avif, image/webp, image/apng, application/xml;q=0.9, application/signed-exchange;v=b3;q=0.9, */*;q=0.8]
2021-12-16 10:20:21.488 DEBUG 41829 --- [http-nio-9090-exec-1] o.s.w.servlet.view.InternalResourceView  : View name 'forward:', model {}
2021-12-16 10:20:21.491 DEBUG 41829 --- [http-nio-9090-exec-1] o.s.w.servlet.view.InternalResourceView  : Forwarding to [index.html]
2021-12-16 10:20:21.501 DEBUG 41829 --- [http-nio-9090-exec-1] o.s.web.servlet.DispatcherServlet        : "FORWARD" dispatch for GET "/index.html", parameters={}
2021-12-16 10:20:21.512 DEBUG 41829 --- [http-nio-9090-exec-1] o.s.w.s.handler.SimpleUrlHandlerMapping  : Mapped to ResourceHttpRequestHandler [classpath [META-INF/resources/], classpath [resources/], classpath [static/], classpath [public/], ServletContext [/]]
2021-12-16 10:20:21.540 DEBUG 41829 --- [http-nio-9090-exec-1] o.s.web.servlet.DispatcherServlet        : Exiting from "FORWARD" dispatch, status 200
2021-12-16 10:20:21.551 DEBUG 41829 --- [http-nio-9090-exec-1] o.s.web.servlet.DispatcherServlet        : Completed 200 OK
2021-12-16 10:20:27.853 DEBUG 41829 --- [http-nio-9090-exec-2] o.s.web.servlet.DispatcherServlet        : GET "/rest/owners", parameters={}
2021-12-16 10:20:27.870 DEBUG 41829 --- [http-nio-9090-exec-2] s.w.s.m.m.a.RequestMappingHandlerMapping : Mapped to com.example.PetClinicApplication.web.PetClinicRestController#getOwners()
2021-12-16 10:20:28.050 DEBUG 41829 --- [http-nio-9090-exec-2] o.s.w.s.m.m.a.HttpEntityMethodProcessor  : Using 'application/json;q=0.8', given [text/html, application/xhtml+xml, image/avif, image/webp, image/apng, application/xml;q=0.9, application/signed-exchange;v=b3;q=0.9, */*;q=0.8] and supported [application/json, application/*+json, application/json, application/*+json]
2021-12-16 10:20:28.051 DEBUG 41829 --- [http-nio-9090-exec-2] o.s.w.s.m.m.a.HttpEntityMethodProcessor  : Writing [[Owner{id=1, firstname='furkan', lastname='dgn'}, Owner{id=2, firstname='deneme', lastname='kisi'}]]
2021-12-16 10:20:28.126 DEBUG 41829 --- [http-nio-9090-exec-2] o.s.web.servlet.DispatcherServlet        : Completed 200 OK
2021-12-16 11:52:58.547  INFO 41829 --- [SpringApplicationShutdownHook] j.LocalContainerEntityManagerFactoryBean : Closing JPA EntityManagerFactory for persistence unit 'default'
2021-12-16 11:52:58.555  INFO 41829 --- [SpringApplicationShutdownHook] com.zaxxer.hikari.HikariDataSource       : HikariPool-1 - Shutdown initiated...
2021-12-16 11:52:58.567  INFO 41829 --- [SpringApplicationShutdownHook] com.zaxxer.hikari.HikariDataSource       : HikariPool-1 - Shutdown completed.
2021-12-16 11:53:03.994  INFO 43044 --- [restartedMain] c.e.P.PetClinicApplication               : Starting PetClinicApplication using Java 1.8.0_311 on Furkan-MacBook-Pro.local with PID 43044 (/Users/furkan/Desktop/project/demo/target/classes started by furkan in /Users/furkan/Desktop/project/demo)
2021-12-16 11:53:03.996  INFO 43044 --- [restartedMain] c.e.P.PetClinicApplication               : No active profile set, falling back to default profiles: default
2021-12-16 11:53:04.063  INFO 43044 --- [restartedMain] .e.DevToolsPropertyDefaultsPostProcessor : Devtools property defaults active! Set 'spring.devtools.add-properties' to 'false' to disable
2021-12-16 11:53:04.063  INFO 43044 --- [restartedMain] .e.DevToolsPropertyDefaultsPostProcessor : For additional web related logging consider setting the 'logging.level.web' property to 'DEBUG'
2021-12-16 11:53:04.824  INFO 43044 --- [restartedMain] .s.d.r.c.RepositoryConfigurationDelegate : Bootstrapping Spring Data JPA repositories in DEFAULT mode.
2021-12-16 11:53:04.851  INFO 43044 --- [restartedMain] .s.d.r.c.RepositoryConfigurationDelegate : Finished Spring Data repository scanning in 17 ms. Found 0 JPA repository interfaces.
2021-12-16 11:53:05.821  INFO 43044 --- [restartedMain] o.s.b.w.embedded.tomcat.TomcatWebServer  : Tomcat initialized with port(s): 9090 (http)
2021-12-16 11:53:05.828  INFO 43044 --- [restartedMain] o.apache.catalina.core.StandardService   : Starting service [Tomcat]
2021-12-16 11:53:05.829  INFO 43044 --- [restartedMain] org.apache.catalina.core.StandardEngine  : Starting Servlet engine: [Apache Tomcat/9.0.55]
2021-12-16 11:53:05.904  INFO 43044 --- [restartedMain] o.a.c.c.C.[Tomcat].[localhost].[/]       : Initializing Spring embedded WebApplicationContext
2021-12-16 11:53:05.905  INFO 43044 --- [restartedMain] w.s.c.ServletWebServerApplicationContext : Root WebApplicationContext: initialization completed in 1841 ms
2021-12-16 11:53:06.031  INFO 43044 --- [restartedMain] com.zaxxer.hikari.HikariDataSource       : HikariPool-1 - Starting...
2021-12-16 11:53:06.547  INFO 43044 --- [restartedMain] com.zaxxer.hikari.HikariDataSource       : HikariPool-1 - Start completed.
2021-12-16 11:53:06.556  INFO 43044 --- [restartedMain] o.s.b.a.h2.H2ConsoleAutoConfiguration    : H2 console available at '/h2-console'. Database available at 'jdbc:mysql://localhost:3306/db?useUnicode=true&useLegacyDatetimeCode=false&serverTimezone=Turkey'
2021-12-16 11:53:06.882  INFO 43044 --- [restartedMain] o.hibernate.jpa.internal.util.LogHelper  : HHH000204: Processing PersistenceUnitInfo [name: default]
2021-12-16 11:53:06.915  INFO 43044 --- [restartedMain] org.hibernate.Version                    : HHH000412: Hibernate ORM core version 5.6.1.Final
2021-12-16 11:53:07.003  INFO 43044 --- [restartedMain] o.hibernate.annotations.common.Version   : HCANN000001: Hibernate Commons Annotations {5.1.2.Final}
2021-12-16 11:53:07.074  INFO 43044 --- [restartedMain] org.hibernate.dialect.Dialect            : HHH000400: Using dialect: org.hibernate.dialect.MySQL5Dialect
2021-12-16 11:53:07.566  INFO 43044 --- [restartedMain] o.h.e.t.j.p.i.JtaPlatformInitiator       : HHH000490: Using JtaPlatform implementation: [org.hibernate.engine.transaction.jta.platform.internal.NoJtaPlatform]
2021-12-16 11:53:07.571  INFO 43044 --- [restartedMain] j.LocalContainerEntityManagerFactoryBean : Initialized JPA EntityManagerFactory for persistence unit 'default'
2021-12-16 11:53:07.718  WARN 43044 --- [restartedMain] JpaBaseConfiguration$JpaWebConfiguration : spring.jpa.open-in-view is enabled by default. Therefore, database queries may be performed during view rendering. Explicitly configure spring.jpa.open-in-view to disable this warning
2021-12-16 11:53:07.889 DEBUG 43044 --- [restartedMain] s.w.s.m.m.a.RequestMappingHandlerAdapter : ControllerAdvice beans: 0 @ModelAttribute, 0 @InitBinder, 1 RequestBodyAdvice, 1 ResponseBodyAdvice
2021-12-16 11:53:07.948 DEBUG 43044 --- [restartedMain] s.w.s.m.m.a.RequestMappingHandlerMapping : 10 mappings in 'requestMappingHandlerMapping'
2021-12-16 11:53:07.952  INFO 43044 --- [restartedMain] o.s.b.a.w.s.WelcomePageHandlerMapping    : Adding welcome page: class path resource [public/index.html]
2021-12-16 11:53:07.978 DEBUG 43044 --- [restartedMain] o.s.w.s.handler.SimpleUrlHandlerMapping  : Patterns [/webjars/**, /**] in 'resourceHandlerMapping'
2021-12-16 11:53:07.990 DEBUG 43044 --- [restartedMain] .m.m.a.ExceptionHandlerExceptionResolver : ControllerAdvice beans: 0 @ExceptionHandler, 1 ResponseBodyAdvice
2021-12-16 11:53:08.239  INFO 43044 --- [restartedMain] o.s.b.d.a.OptionalLiveReloadServer       : LiveReload server is running on port 35729
2021-12-16 11:53:08.254  INFO 43044 --- [restartedMain] o.s.b.a.e.web.EndpointLinksResolver      : Exposing 0 endpoint(s) beneath base path '/actuator'
2021-12-16 11:53:08.343  INFO 43044 --- [restartedMain] o.s.b.w.embedded.tomcat.TomcatWebServer  : Tomcat started on port(s): 9090 (http) with context path ''
2021-12-16 11:53:08.365  INFO 43044 --- [restartedMain] c.e.P.PetClinicApplication               : Started PetClinicApplication in 4.824 seconds (JVM running for 5.628)
